# JRE version: OpenJDK Runtime Environment (18.0.1.1+2) (build 18.0.1.1+2-6)
# Java VM: OpenJDK 64-Bit Server VM (18.0.1.1+2-6, mixed mode, sharing, tiered, compressed oops, compressed class ptrs, g1 gc, windows-amd64)
GC Precious Log:
 CardTable entry size: 512
 Card Set container configuration: InlinePtr #cards 5 size 8 Array Of Cards #cards 12 size 40 Howl #buckets 4 coarsen threshold 1843 Howl Bitmap #cards 512 size 80 coarsen threshold 460 Card regions per heap region 1 cards per card region 2048
 CPUs: 8 total, 8 available
 Memory: 8032M
 Large Page Support: Disabled
 NUMA Support: Disabled
 Compressed Oops: Enabled (32-bit)
 Heap Region Size: 1M
 Heap Min Capacity: 8M
 Heap Initial Capacity: 126M
 Heap Max Capacity: 2010M
 Pre-touch: Disabled
 Parallel Workers: 8
 Concurrent Workers: 2
 Concurrent Refinement Workers: 8
 Periodic GC: Disabled
Heap:
 garbage-first heap   total 203776K, used 197595K [0x0000000082600000, 0x0000000100000000)
  region size 1024K, 47 young (48128K), 3 survivors (3072K)
 Metaspace       used 40618K, committed 40960K, reserved 1114112K
  class space    used 4446K, committed 4608K, reserved 1048576K
GC Heap History (20 events):
Event: 2.620 GC heap before
{Heap before GC invocations=5 (full 0):
 garbage-first heap   total 129024K, used 42496K [0x0000000082600000, 0x0000000100000000)
  region size 1024K, 13 young (13312K), 7 survivors (7168K)
 Metaspace       used 21371K, committed 21504K, reserved 1114112K
  class space    used 2051K, committed 2112K, reserved 1048576K
}
Event: 2.627 GC heap after
{Heap after GC invocations=6 (full 0):
 garbage-first heap   total 155648K, used 39454K [0x0000000082600000, 0x0000000100000000)
  region size 1024K, 2 young (2048K), 2 survivors (2048K)
 Metaspace       used 21371K, committed 21504K, reserved 1114112K
  class space    used 2051K, committed 2112K, reserved 1048576K
}
Event: 3.113 GC heap before
{Heap before GC invocations=7 (full 0):
 garbage-first heap   total 140288K, used 103966K [0x0000000082600000, 0x0000000100000000)
  region size 1024K, 65 young (66560K), 2 survivors (2048K)
 Metaspace       used 26023K, committed 26240K, reserved 1114112K
  class space    used 2616K, committed 2688K, reserved 1048576K
}
Event: 3.120 GC heap after
{Heap after GC invocations=8 (full 0):
 garbage-first heap   total 140288K, used 46412K [0x0000000082600000, 0x0000000100000000)
  region size 1024K, 9 young (9216K), 9 survivors (9216K)
 Metaspace       used 26023K, committed 26240K, reserved 1114112K
  class space    used 2616K, committed 2688K, reserved 1048576K
}
Event: 3.896 GC heap before
{Heap before GC invocations=8 (full 0):
 garbage-first heap   total 140288K, used 98636K [0x0000000082600000, 0x0000000100000000)
  region size 1024K, 60 young (61440K), 9 survivors (9216K)
 Metaspace       used 29364K, committed 29632K, reserved 1114112K
  class space    used 3092K, committed 3200K, reserved 1048576K
}
Event: 3.907 GC heap after
{Heap after GC invocations=9 (full 0):
 garbage-first heap   total 140288K, used 51198K [0x0000000082600000, 0x0000000100000000)
  region size 1024K, 5 young (5120K), 5 survivors (5120K)
 Metaspace       used 29364K, committed 29632K, reserved 1114112K
  class space    used 3092K, committed 3200K, reserved 1048576K
}
Event: 4.142 GC heap before
{Heap before GC invocations=9 (full 0):
 garbage-first heap   total 140288K, used 77822K [0x0000000082600000, 0x0000000100000000)
  region size 1024K, 32 young (32768K), 5 survivors (5120K)
 Metaspace       used 30917K, committed 31232K, reserved 1114112K
  class space    used 3308K, committed 3456K, reserved 1048576K
}
Event: 4.148 GC heap after
{Heap after GC invocations=10 (full 0):
 garbage-first heap   total 140288K, used 54389K [0x0000000082600000, 0x0000000100000000)
  region size 1024K, 3 young (3072K), 3 survivors (3072K)
 Metaspace       used 30917K, committed 31232K, reserved 1114112K
  class space    used 3308K, committed 3456K, reserved 1048576K
}
Event: 5.656 GC heap before
{Heap before GC invocations=10 (full 0):
 garbage-first heap   total 140288K, used 122997K [0x0000000082600000, 0x0000000100000000)
  region size 1024K, 53 young (54272K), 3 survivors (3072K)
 Metaspace       used 33950K, committed 34304K, reserved 1114112K
  class space    used 3696K, committed 3840K, reserved 1048576K
}
Event: 5.665 GC heap after
{Heap after GC invocations=11 (full 0):
 garbage-first heap   total 140288K, used 77133K [0x0000000082600000, 0x0000000100000000)
  region size 1024K, 7 young (7168K), 7 survivors (7168K)
 Metaspace       used 33950K, committed 34304K, reserved 1114112K
  class space    used 3696K, committed 3840K, reserved 1048576K
}
Event: 5.907 GC heap before
{Heap before GC invocations=11 (full 0):
 garbage-first heap   total 140288K, used 111949K [0x0000000082600000, 0x0000000100000000)
  region size 1024K, 41 young (41984K), 7 survivors (7168K)
 Metaspace       used 35316K, committed 35584K, reserved 1114112K
  class space    used 3900K, committed 4032K, reserved 1048576K
}
Event: 5.915 GC heap after
{Heap after GC invocations=12 (full 0):
 garbage-first heap   total 140288K, used 81265K [0x0000000082600000, 0x0000000100000000)
  region size 1024K, 4 young (4096K), 4 survivors (4096K)
 Metaspace       used 35316K, committed 35584K, reserved 1114112K
  class space    used 3900K, committed 4032K, reserved 1048576K
}
Event: 6.233 GC heap before
{Heap before GC invocations=13 (full 0):
 garbage-first heap   total 158720K, used 111985K [0x0000000082600000, 0x0000000100000000)
  region size 1024K, 34 young (34816K), 4 survivors (4096K)
 Metaspace       used 37208K, committed 37632K, reserved 1114112K
  class space    used 4158K, committed 4352K, reserved 1048576K
}
Event: 6.239 GC heap after
{Heap after GC invocations=14 (full 0):
 garbage-first heap   total 158720K, used 83833K [0x0000000082600000, 0x0000000100000000)
  region size 1024K, 3 young (3072K), 3 survivors (3072K)
 Metaspace       used 37208K, committed 37632K, reserved 1114112K
  class space    used 4158K, committed 4352K, reserved 1048576K
}
Event: 6.338 GC heap before
{Heap before GC invocations=14 (full 0):
 garbage-first heap   total 158720K, used 87929K [0x0000000082600000, 0x0000000100000000)
  region size 1024K, 7 young (7168K), 3 survivors (3072K)
 Metaspace       used 38401K, committed 38720K, reserved 1114112K
  class space    used 4296K, committed 4416K, reserved 1048576K
}
Event: 6.343 GC heap after
{Heap after GC invocations=15 (full 0):
 garbage-first heap   total 190464K, used 83511K [0x0000000082600000, 0x0000000100000000)
  region size 1024K, 1 young (1024K), 1 survivors (1024K)
 Metaspace       used 38401K, committed 38720K, reserved 1114112K
  class space    used 4296K, committed 4416K, reserved 1048576K
}
Event: 14.742 GC heap before
{Heap before GC invocations=15 (full 0):
 garbage-first heap   total 190464K, used 116279K [0x0000000082600000, 0x0000000100000000)
  region size 1024K, 35 young (35840K), 1 survivors (1024K)
 Metaspace       used 39656K, committed 40000K, reserved 1114112K
  class space    used 4425K, committed 4608K, reserved 1048576K
}
Event: 14.748 GC heap after
{Heap after GC invocations=16 (full 0):
 garbage-first heap   total 190464K, used 84317K [0x0000000082600000, 0x0000000100000000)
  region size 1024K, 2 young (2048K), 2 survivors (2048K)
 Metaspace       used 39656K, committed 40000K, reserved 1114112K
  class space    used 4425K, committed 4608K, reserved 1048576K
}
Event: 25.786 GC heap before
{Heap before GC invocations=16 (full 0):
 garbage-first heap   total 190464K, used 126301K [0x0000000082600000, 0x0000000100000000)
  region size 1024K, 27 young (27648K), 2 survivors (2048K)
 Metaspace       used 40069K, committed 40448K, reserved 1114112K
  class space    used 4434K, committed 4608K, reserved 1048576K
}
Event: 25.789 GC heap after
{Heap after GC invocations=17 (full 0):
 garbage-first heap   total 190464K, used 102363K [0x0000000082600000, 0x0000000100000000)
  region size 1024K, 3 young (3072K), 3 survivors (3072K)
 Metaspace       used 40069K, committed 40448K, reserved 1114112K
  class space    used 4434K, committed 4608K, reserved 1048576K
}

